<?xml version="1.0" encoding="UTF-8"?>
<!-- Generated by org.testng.reporters.JUnitReportReporter -->
<testsuite hostname="PC" name="com.comarch.training.PositiveCases" tests="7" failures="0" timestamp="13 Jul 2015 11:06:54 GMT" time="0.010" errors="0">
  <testcase name="GettingMemoryTest" time="0.000" classname="com.comarch.training.PositiveCases"/>
  <testcase name="SubstactionTest" time="0.001" classname="com.comarch.training.PositiveCases"/>
  <testcase name="AddingToMemoryTest" time="0.000" classname="com.comarch.training.PositiveCases"/>
  <testcase name="MultiplyTest" time="0.001" classname="com.comarch.training.PositiveCases"/>
  <testcase name="SettingMemoryTest" time="0.001" classname="com.comarch.training.PositiveCases"/>
  <testcase name="AddingTest" time="0.006" classname="com.comarch.training.PositiveCases"/>
  <testcase name="DivisionTest" time="0.001" classname="com.comarch.training.PositiveCases"/>
</testsuite> <!-- com.comarch.training.PositiveCases -->
